'2020-06-21 21:48:27,668 __main__     INFO     The probability values are
     Overall  Stratified    Random  Rand. %error  Strat. %error
1  0.039826    0.039729  0.040213      0.973236      -0.243309
2  0.318847    0.318798  0.324370      1.732260      -0.015195
3  0.350581    0.350533  0.358527      2.266446      -0.013820
4  0.176308    0.176357  0.167393     -5.056334       0.027480
5  0.114438    0.114583  0.109496     -4.318374       0.127011'
'2020-06-21 21:53:59,673 __main__     INFO     The probability values are
     Overall  Stratified    Random  Rand. %error  Strat. %error
1  0.039826    0.039729  0.040213      0.973236      -0.243309
2  0.318847    0.318798  0.324370      1.732260      -0.015195
3  0.350581    0.350533  0.358527      2.266446      -0.013820
4  0.176308    0.176357  0.167393     -5.056334       0.027480
5  0.114438    0.114583  0.109496     -4.318374       0.127011'
'2020-06-21 22:06:21,091 __main__     INFO     The probability values are
     Overall  Stratified    Random  Rand. %error  Strat. %error
1  0.039826    0.039729  0.040213      0.973236      -0.243309
2  0.318847    0.318798  0.324370      1.732260      -0.015195
3  0.350581    0.350533  0.358527      2.266446      -0.013820
4  0.176308    0.176357  0.167393     -5.056334       0.027480
5  0.114438    0.114583  0.109496     -4.318374       0.127011'
